<?xml version="1.0" encoding="UTF-8"?>
<!-- Generated by org.testng.reporters.JUnitReportReporter -->
<testsuite skipped="0" hostname="2f1d93da1a4f" name="com.newtours.tests.BookFlightTest" tests="20" failures="0" timestamp="31 Mar 2023 10:14:37 GMT" time="19.337" errors="0">
  <testcase name="flightDetailsPage" time="1.511" classname="com.newtours.tests.BookFlightTest"/>
  <testcase name="flightConfirmationPage" time="0.400" classname="com.newtours.tests.BookFlightTest"/>
  <testcase name="registrationPage" time="2.532" classname="com.newtours.tests.BookFlightTest"/>
  <testcase name="registrationConfirmationPage" time="0.124" classname="com.newtours.tests.BookFlightTest"/>
  <testcase name="registrationPage" time="3.184" classname="com.newtours.tests.BookFlightTest"/>
  <testcase name="findFlightPage" time="0.269" classname="com.newtours.tests.BookFlightTest"/>
  <testcase name="flightConfirmationPage" time="0.233" classname="com.newtours.tests.BookFlightTest"/>
  <testcase name="registrationConfirmationPage" time="0.136" classname="com.newtours.tests.BookFlightTest"/>
  <testcase name="registrationPage" time="2.542" classname="com.newtours.tests.BookFlightTest"/>
  <testcase name="registrationPage" time="2.139" classname="com.newtours.tests.BookFlightTest"/>
  <testcase name="registrationConfirmationPage" time="0.116" classname="com.newtours.tests.BookFlightTest"/>
  <testcase name="flightDetailsPage" time="1.574" classname="com.newtours.tests.BookFlightTest"/>
  <testcase name="findFlightPage" time="0.426" classname="com.newtours.tests.BookFlightTest"/>
  <testcase name="findFlightPage" time="0.287" classname="com.newtours.tests.BookFlightTest"/>
  <testcase name="registrationConfirmationPage" time="0.112" classname="com.newtours.tests.BookFlightTest"/>
  <testcase name="findFlightPage" time="0.308" classname="com.newtours.tests.BookFlightTest"/>
  <testcase name="flightConfirmationPage" time="0.303" classname="com.newtours.tests.BookFlightTest"/>
  <testcase name="flightDetailsPage" time="1.431" classname="com.newtours.tests.BookFlightTest"/>
  <testcase name="flightConfirmationPage" time="0.244" classname="com.newtours.tests.BookFlightTest"/>
  <testcase name="flightDetailsPage" time="1.466" classname="com.newtours.tests.BookFlightTest"/>
</testsuite> <!-- com.newtours.tests.BookFlightTest -->
